<?xml version="1.0" encoding="UTF-8"?>
<!-- Generated by org.testng.reporters.JUnitReportReporter -->
<testsuite hostname="DESKTOP-CNBB8AT" failures="0" tests="1" name="selenium.practice.testcases.Flipkart" time="20.475" errors="0" timestamp="03 Jul 2024 11:10:38 GMT" skipped="0">
  <testcase classname="selenium.practice.testcases.Flipkart" name="addPhoneToCart" time="20.475"/>
</testsuite> <!-- selenium.practice.testcases.Flipkart -->
