<?xml version="1.0" encoding="UTF-8"?>
<!-- Generated by org.testng.reporters.JUnitReportReporter -->
<testsuite hostname="DESKTOP-CNBB8AT" failures="0" tests="3" name="api.testcases.ValidateResponse" time="5.396" errors="0" timestamp="03 Jul 2024 19:29:38 GMT" skipped="0">
  <testcase classname="api.testcases.ValidateResponse" name="testJSONResponse" time="4.332"/>
  <testcase classname="api.testcases.ValidateResponse" name="testJSONResponseUsingResponseVariable" time="0.960"/>
  <testcase classname="api.testcases.ValidateResponse" name="validateDynamicArrayUsingJSONObject" time="0.104"/>
</testsuite> <!-- api.testcases.ValidateResponse -->
