<?xml version="1.0" encoding="UTF-8"?>
<!-- Generated by org.testng.reporters.JUnitReportReporter -->
<testsuite hostname="DESKTOP-CNBB8AT" failures="0" tests="4" name="api.testcases.CreateRequestBodyMultipleWay" time="6.695" errors="0" timestamp="03 Jul 2024 21:01:14 GMT" skipped="0">
  <testcase classname="api.testcases.CreateRequestBodyMultipleWay" name="createPayloadDataUsingMap" time="5.026"/>
  <testcase classname="api.testcases.CreateRequestBodyMultipleWay" name="deleteMethodUsingJSONObjectPayload" time="0.652"/>
  <testcase classname="api.testcases.CreateRequestBodyMultipleWay" name="updateDetailsUsingPojoClass" time="0.487"/>
  <testcase classname="api.testcases.CreateRequestBodyMultipleWay" name="externalFile" time="0.530"/>
</testsuite> <!-- api.testcases.CreateRequestBodyMultipleWay -->
