<?xml version="1.0" encoding="UTF-8"?>
<!-- Generated by org.testng.reporters.JUnitReportReporter -->
<testsuite hostname="DESKTOP-CNBB8AT" failures="0" tests="1" name="api.paylods.CreatePayloadUsingMultipleWays" time="1.979" errors="0" timestamp="28 Jun 2024 14:02:56 GMT" skipped="0">
  <testcase classname="api.paylods.CreatePayloadUsingMultipleWays" name="createPostDataUsingJsonObject" time="1.979"/>
</testsuite> <!-- api.paylods.CreatePayloadUsingMultipleWays -->
