<?xml version="1.0" encoding="UTF-8"?>
<!-- Generated by org.testng.reporters.JUnitReportReporter -->
<testsuite hostname="DESKTOP-CNBB8AT" failures="0" tests="4" name="api.testcases.UserTest" time="13.849" errors="0" timestamp="05 Jul 2024 07:41:15 GMT" skipped="0">
  <testcase classname="api.testcases.UserTest" name="validatePostRequest" time="9.134"/>
  <testcase classname="api.testcases.UserTest" name="validateGetRequest" time="1.292"/>
  <testcase classname="api.testcases.UserTest" name="validatePutRequest" time="2.276"/>
  <testcase classname="api.testcases.UserTest" name="validateDeleteRequest" time="1.147"/>
</testsuite> <!-- api.testcases.UserTest -->
