<?xml version="1.0" encoding="UTF-8"?>
<!-- Generated by org.testng.reporters.JUnitReportReporter -->
<testsuite hostname="DESKTOP-CNBB8AT" failures="0" tests="1" name="api.testcases.UserTestDDT" time="0.000" errors="0" timestamp="20 Jun 2024 21:53:14 GMT" skipped="1">
  <testcase classname="api.testcases.UserTestDDT" name="validatePostRequest" time="0.000">
    <skipped/>
  </testcase> <!-- validatePostRequest -->
</testsuite> <!-- api.testcases.UserTestDDT -->
